This is XeTeX, Version 3.14159265-2.6-0.999991 (TeX Live 2019/W32TeX) (preloaded format=xelatex 2020.3.12)  13 JUL 2020 14:59
entering extended mode
 restricted \write18 enabled.
 %&-line parsing enabled.
**uma-viagem de carro
(c:/texlive/2019/texmf-dist/tex/latex/tools/x.tex
LaTeX2e <2020-02-02> patch level 5
L3 programming layer <2020-02-25>
! .
l.38   \batchmode \errmessage{}
                               \csname @@end\endcsname \end
This error message was generated by an \errmessage
command, so I can't give any explicit help.
Pretend that you're Hercule Poirot: Examine all clues,
and deduce the truth by order and method.

 ) 
Here is how much of TeX's memory you used:
 17 strings out of 479805
 410 string characters out of 5896668
 244023 words of memory out of 5000000
 17254 multiletter control sequences out of 15000+600000
 532338 words of font info for 24 fonts, out of 8000000 for 9000
 1348 hyphenation exceptions out of 8191
 12i,0n,15p,99b,8s stack positions out of 5000i,500n,10000p,200000b,80000s

No pages of output.
